<?xml version="1.0" encoding="UTF-8"?>
<yml_catalog date="2025-06-11 15:30">
    <shop>
        <!-- Краткая информация о магазине -->
        <name>Мій Супер Магазин</name>
        <name_ru>Мой Супер Магазин</name_ru>
        <company>ТОВ "Супер Шоп Україна"</company>
        <url>https://www.super-shop-example.com.ua/</url>
        <platform>Custom CMS</platform>
        <version>1.2</version>

        <!-- Валюты, используемые в магазине -->
        <currencies>
			<currency id="USD" rate="42"/>
		</currencies>
        <!-- 
            Структура категорий товаров.
            Стандарт YML не предоставляет простого способа для мультиязычных названий категорий в одном фиде.
            Обычно это настраивается на стороне принимающей площадки.
            Поэтому названия категорий оставлены на основном языке.
        -->
        <categories>
            <category id="1">Одяг</category>
            <category id="10" parentId="1">Футболки</category>
            <category id="11" parentId="1">Джинси</category>

            <category id="2">Електроніка</category>
            <category id="20" parentId="2">Смартфони</category>
        </categories>
        <!-- Список товаров (офферов) -->
        <offers>
            <!-- Пример одиночного оффера -->
			<offer id="00-00000828" available="true">                     <!-- Открытие тега, его УНИКАЛЬНЫЙ ID и Доступность -->
				<name>Ремінець для Xiaomi Amazfit Bip Milanese Loop 20mm</name>   <!-- Наименование -->
				<name_ru>Ремешок Xiaomi Amazfit Bip Milanese Loop 20mm</name_ru>
				<Sku-name>Black(02)</Sku-name>   <!-- Наименование артикула/характеристика -->
				<url/>    <!-- URL генерируем свой, но если есть в базе существующие, то укажите в формате /product24124  БЕЗ ДОМЕННОГО ИМЕНИ ПОСЛЕДНЯЯ ВЕТКА -->
				<price>0</price>    <!-- Цена РРЦ -->
				<sklad>30</sklad>   <!-- Количество на складе -->
				<price1-opt-uah>102,9</price1-opt-uah>   <!-- Цены в грн -->
				<price2-dil-uah>98,7</price2-dil-uah>
				<price3-vip-uah>94,5</price3-vip-uah>
				<price4-par-uah/>                        <!-- Цены в грн -->
				<price1-opt-usd>2,45</price1-opt-usd>    <!-- Цены в usd -->
				<price2-dil-usd>2,35</price2-dil-usd>
				<price3-vip-usd>2,25</price3-vip-usd>
				<price4-par-usd/>                        <!-- Цены в usd -->
				<currencyId id="USD" rate="42"/>         <!-- Текущий курс валют товара НЕ ОБЯЗАТЕЛЬНО, ЕСТЬ ГЛОБАЛЬНАЯ ПЕРЕМЕННАЯ -->
				<categoryId>2</categoryId>               <!-- ID категории, к которой относится товар -->
				<picture/>                               <!-- Изображение через ; к примеру: https://ftp.mobaks.com.ua/images/00001.jpg;https://ftp.mobaks.com.ua/images/00002.jpg; -->
				<description/>                            <!-- Описание товара -->
				<param name="Виробник">Китай</param>                             <!-- НИЖЕ - ХАРАКТЕРИСТИКИ -->
				<param name="Бренд">Amazfit Bip</param>
				<param name="Бренд Товару">Xiaomi</param>
				<param name="Модель Ремінця">Universal 20mm</param>
				<param name="Матеріал Ремінця">Метал</param>
				<param name="Матеріал корпусу">Метал</param>
				<param name="Ширина, мм">20mm</param>
			</offer>
            <!-- Пример оффера с большим количеством характеристик как артикулов (SKU)-->
			<offer id="00-00000828-Blue(6)" group_id="00-00000828" available="true"> <!-- Открытие тега, его УНИКАЛЬНЫЙ ID, ID группы и Доступность -->
				<name>Ремінець для Xiaomi Amazfit Bip Milanese Loop 20mm</name>
				<name_ru>Ремешок Xiaomi Amazfit Bip Milanese Loop 20mm</name_ru>
				<Sku-name>Blue(6)</Sku-name>
				<url/>
				<price>0</price>                
				<sklad>8</sklad>                                <!-- Количество на складе КОНКРЕТНОГО АРТИКУЛА -->
				<price1-opt-uah>102,9</price1-opt-uah>           <!-- Набор цен КОНКРЕТНОГО АРТИКУЛА -->
				<price2-dil-uah>98,7</price2-dil-uah>
				<price3-vip-uah>94,5</price3-vip-uah>
				<price4-par-uah/>
				<price1-opt-usd>2,45</price1-opt-usd>
				<price2-dil-usd>2,35</price2-dil-usd>
				<price3-vip-usd>2,25</price3-vip-usd>
				<price4-par-usd/>
				<currencyId id="USD" rate="42"/>
				<categoryId>2</categoryId>
				<picture/>                                        <!-- Изображение КОНКРЕТНОГО АРТИКУЛА -->
				<description/>
				<param name="Виробник">Китай</param>
				<param name="Бренд">Amazfit Bip</param>
				<param name="Бренд Товару">Xiaomi</param>
				<param name="Модель Ремінця">Universal 20mm</param>
				<param name="Матеріал Ремінця">Метал</param>
				<param name="Матеріал корпусу">Метал</param>
				<param name="Ширина, мм">20mm</param>
			</offer>
			<offer id="00-00000828-Bronze" group_id="00-00000828" available="false">
				<name>Ремінець для Xiaomi Amazfit Bip Milanese Loop 20mm</name>
				<name_ru>Ремешок Xiaomi Amazfit Bip Milanese Loop 20mm</name_ru>
				<Sku-name>Bronze</Sku-name>
				<url/>
				<price>0</price>
				<sklad/>
				<price1-opt-uah>102,9</price1-opt-uah>
				<price2-dil-uah>98,7</price2-dil-uah>
				<price3-vip-uah>94,5</price3-vip-uah>
				<price4-par-uah/>
				<price1-opt-usd>2,45</price1-opt-usd>
				<price2-dil-usd>2,35</price2-dil-usd>
				<price3-vip-usd>2,25</price3-vip-usd>
				<price4-par-usd/>
				<currencyId id="USD" rate="42"/>
				<categoryId>2</categoryId>
				<picture/>
				<description/>
				<param name="Виробник">Китай</param>
				<param name="Бренд">Amazfit Bip</param>
				<param name="Бренд Товару">Xiaomi</param>
				<param name="Модель Ремінця">Universal 20mm</param>
				<param name="Матеріал Ремінця">Метал</param>
				<param name="Матеріал корпусу">Метал</param>
				<param name="Ширина, мм">20mm</param>
			</offer>

        </offers>
    </shop>
</yml_catalog>
